[0910/073242.408:ERROR:process_memory_win.cc(73)] ReadMemory at 0x7ff74bab0000 of 64 bytes failed: Only part of a ReadProcessMemory or WriteProcessMemory request was completed. (0x12B)
[0910/073245.613:WARNING:pe_image_reader.cc(340)] could not read dos header from C:\Program Files (x86)\Google\Chrome\Application\chrome.exe
[0910/073245.613:ERROR:process_memory_win.cc(73)] ReadMemory at 0x7fff64340000 of 64 bytes failed: Only part of a ReadProcessMemory or WriteProcessMemory request was completed. (0x12B)
[0910/073245.613:WARNING:pe_image_reader.cc(340)] could not read dos header from C:\windows\SYSTEM32\ntdll.dll
[0910/073245.613:ERROR:process_memory_win.cc(73)] ReadMemory at 0x7fff624a0000 of 64 bytes failed: Only part of a ReadProcessMemory or WriteProcessMemory request was completed. (0x12B)
[0910/073245.965:WARNING:pe_image_reader.cc(340)] could not read dos header from C:\windows\System32\KERNEL32.dll
[0910/073245.965:ERROR:process_memory_win.cc(73)] ReadMemory at 0x7fff60b20000 of 64 bytes failed: Only part of a ReadProcessMemory or WriteProcessMemory request was completed. (0x12B)
[0910/073245.965:WARNING:pe_image_reader.cc(340)] could not read dos header from C:\windows\System32\KERNELBASE.dll
[0910/073245.965:ERROR:process_memory_win.cc(73)] ReadMemory at 0x7fff40fe0000 of 64 bytes failed: Only part of a ReadProcessMemory or WriteProcessMemory request was completed. (0x12B)
[0910/073245.965:WARNING:pe_image_reader.cc(340)] could not read dos header from C:\Program Files (x86)\Google\Chrome\Application\76.0.3809.132\chrome_elf.dll
[0910/073245.965:ERROR:process_memory_win.cc(73)] ReadMemory at 0x7fff55fd0000 of 64 bytes failed: Only part of a ReadProcessMemory or WriteProcessMemory request was completed. (0x12B)
[0910/073245.965:WARNING:pe_image_reader.cc(340)] could not read dos header from C:\windows\SYSTEM32\VERSION.dll
[0910/073245.965:ERROR:process_memory_win.cc(73)] ReadMemory at 0x7fff61a50000 of 64 bytes failed: Only part of a ReadProcessMemory or WriteProcessMemory request was completed. (0x12B)
[0910/073245.965:WARNING:pe_image_reader.cc(340)] could not read dos header from C:\windows\System32\msvcrt.dll
[0910/073245.966:ERROR:process_memory_win.cc(73)] ReadMemory at 0x7fff60860000 of 64 bytes failed: Only part of a ReadProcessMemory or WriteProcessMemory request was completed. (0x12B)
[0910/073245.966:WARNING:pe_image_reader.cc(340)] could not read dos header from C:\windows\System32\bcryptPrimitives.dll
[0910/073245.966:ERROR:process_memory_win.cc(73)] ReadMemory at 0x7fff62390000 of 64 bytes failed: Only part of a ReadProcessMemory or WriteProcessMemory request was completed. (0x12B)
[0910/073245.966:WARNING:pe_image_reader.cc(340)] could not read dos header from C:\windows\System32\ADVAPI32.dll
[0910/073245.966:ERROR:process_memory_win.cc(73)] ReadMemory at 0x7fff63c10000 of 64 bytes failed: Only part of a ReadProcessMemory or WriteProcessMemory request was completed. (0x12B)
[0910/073245.966:WARNING:pe_image_reader.cc(340)] could not read dos header from C:\windows\System32\sechost.dll
[0910/073245.966:ERROR:process_memory_win.cc(73)] ReadMemory at 0x7fff641e0000 of 64 bytes failed: Only part of a ReadProcessMemory or WriteProcessMemory request was completed. (0x12B)
[0910/073245.966:WARNING:pe_image_reader.cc(340)] could not read dos header from C:\windows\System32\RPCRT4.dll
[0910/073245.966:ERROR:process_memory_win.cc(73)] ReadMemory at 0x7ffef2e10000 of 64 bytes failed: Only part of a ReadProcessMemory or WriteProcessMemory request was completed. (0x12B)
[0910/073245.966:WARNING:pe_image_reader.cc(340)] could not read dos header from C:\Program Files (x86)\Google\Chrome\Application\76.0.3809.132\chrome_child.dll
[0910/073245.966:ERROR:process_memory_win.cc(73)] ReadMemory at 0x7fff639c0000 of 64 bytes failed: Only part of a ReadProcessMemory or WriteProcessMemory request was completed. (0x12B)
[0910/073245.966:WARNING:pe_image_reader.cc(340)] could not read dos header from C:\windows\System32\OLEAUT32.dll
[0910/073245.966:ERROR:process_memory_win.cc(73)] ReadMemory at 0x7fff60a80000 of 64 bytes failed: Only part of a ReadProcessMemory or WriteProcessMemory request was completed. (0x12B)
[0910/073245.967:WARNING:pe_image_reader.cc(340)] could not read dos header from C:\windows\System32\msvcp_win.dll
[0910/073245.967:ERROR:process_memory_win.cc(73)] ReadMemory at 0x7fff60710000 of 64 bytes failed: Only part of a ReadProcessMemory or WriteProcessMemory request was completed. (0x12B)
[0910/073245.967:WARNING:pe_image_reader.cc(340)] could not read dos header from C:\windows\System32\ucrtbase.dll
[0910/073245.967:ERROR:process_memory_win.cc(73)] ReadMemory at 0x7fff61c50000 of 64 bytes failed: Only part of a ReadProcessMemory or WriteProcessMemory request was completed. (0x12B)
[0910/073245.967:WARNING:pe_image_reader.cc(340)] could not read dos header from C:\windows\System32\combase.dll
[0910/073245.967:ERROR:process_memory_win.cc(73)] ReadMemory at 0x7fff61f80000 of 64 bytes failed: Only part of a ReadProcessMemory or WriteProcessMemory request was completed. (0x12B)
[0910/073245.967:WARNING:pe_image_reader.cc(340)] could not read dos header from C:\windows\System32\WS2_32.dll
[0910/073245.967:ERROR:process_memory_win.cc(73)] ReadMemory at 0x7fff61c20000 of 64 bytes failed: Only part of a ReadProcessMemory or WriteProcessMemory request was completed. (0x12B)
[0910/073245.967:WARNING:pe_image_reader.cc(340)] could not read dos header from C:\windows\System32\GDI32.dll
[0910/073245.967:ERROR:process_memory_win.cc(73)] ReadMemory at 0x7fff608e0000 of 64 bytes failed: Only part of a ReadProcessMemory or WriteProcessMemory request was completed. (0x12B)
[0910/073245.967:WARNING:pe_image_reader.cc(340)] could not read dos header from C:\windows\System32\gdi32full.dll
[0910/073245.967:ERROR:process_memory_win.cc(73)] ReadMemory at 0x7fff62200000 of 64 bytes failed: Only part of a ReadProcessMemory or WriteProcessMemory request was completed. (0x12B)
[0910/073245.968:WARNING:pe_image_reader.cc(340)] could not read dos header from C:\windows\System32\USER32.dll
[0910/073245.968:ERROR:process_memory_win.cc(73)] ReadMemory at 0x7fff60da0000 of 64 bytes failed: Only part of a ReadProcessMemory or WriteProcessMemory request was completed. (0x12B)
[0910/073245.968:WARNING:pe_image_reader.cc(340)] could not read dos header from C:\windows\System32\win32u.dll
[0910/073245.968:ERROR:process_memory_win.cc(73)] ReadMemory at 0x7fff61770000 of 64 bytes failed: Only part of a ReadProcessMemory or WriteProcessMemory request was completed. (0x12B)
[0910/073245.968:WARNING:pe_image_reader.cc(340)] could not read dos header from C:\windows\System32\WINTRUST.dll
[0910/073245.968:ERROR:process_memory_win.cc(73)] ReadMemory at 0x7fff606b0000 of 64 bytes failed: Only part of a ReadProcessMemory or WriteProcessMemory request was completed. (0x12B)
[0910/073245.968:WARNING:pe_image_reader.cc(340)] could not read dos header from C:\windows\System32\MSASN1.dll
[0910/073245.968:ERROR:process_memory_win.cc(73)] ReadMemory at 0x7fff614d0000 of 64 bytes failed: Only part of a ReadProcessMemory or WriteProcessMemory request was completed. (0x12B)
[0910/073245.968:WARNING:pe_image_reader.cc(340)] could not read dos header from C:\windows\System32\CRYPT32.dll
[0910/073245.968:ERROR:process_memory_win.cc(73)] ReadMemory at 0x7fff5fc20000 of 64 bytes failed: Only part of a ReadProcessMemory or WriteProcessMemory request was completed. (0x12B)
[0910/073245.968:WARNING:pe_image_reader.cc(340)] could not read dos header from C:\windows\SYSTEM32\IPHLPAPI.DLL
[0910/073245.968:ERROR:process_memory_win.cc(73)] ReadMemory at 0x7fff5dee0000 of 64 bytes failed: Only part of a ReadProcessMemory or WriteProcessMemory request was completed. (0x12B)
[0910/073245.968:WARNING:pe_image_reader.cc(340)] could not read dos header from C:\windows\SYSTEM32\WINMM.dll
[0910/073245.968:ERROR:process_memory_win.cc(73)] ReadMemory at 0x7fff60580000 of 64 bytes failed: Only part of a ReadProcessMemory or WriteProcessMemory request was completed. (0x12B)
[0910/073245.968:WARNING:pe_image_reader.cc(340)] could not read dos header from C:\windows\SYSTEM32\USERENV.dll
[0910/073245.969:ERROR:process_memory_win.cc(73)] ReadMemory at 0x7fff606f0000 of 64 bytes failed: Only part of a ReadProcessMemory or WriteProcessMemory request was completed. (0x12B)
[0910/073245.969:WARNING:pe_image_reader.cc(340)] could not read dos header from C:\windows\System32\profapi.dll
[0910/073245.969:ERROR:process_memory_win.cc(73)] ReadMemory at 0x7fff568a0000 of 64 bytes failed: Only part of a ReadProcessMemory or WriteProcessMemory request was completed. (0x12B)
[0910/073245.969:WARNING:pe_image_reader.cc(340)] could not read dos header from C:\windows\SYSTEM32\DWrite.dll
[0910/073245.969:ERROR:process_memory_win.cc(73)] ReadMemory at 0x7fff49b60000 of 64 bytes failed: Only part of a ReadProcessMemory or WriteProcessMemory request was completed. (0x12B)
[0910/073245.969:WARNING:pe_image_reader.cc(340)] could not read dos header from C:\windows\SYSTEM32\WINSPOOL.DRV
[0910/073245.969:ERROR:process_memory_win.cc(73)] ReadMemory at 0x7fff606d0000 of 64 bytes failed: Only part of a ReadProcessMemory or WriteProcessMemory request was completed. (0x12B)
[0910/073245.969:WARNING:pe_image_reader.cc(340)] could not read dos header from C:\windows\System32\kernel.appcore.dll
[0910/073245.969:ERROR:process_memory_win.cc(73)] ReadMemory at 0x7fff5f110000 of 64 bytes failed: Only part of a ReadProcessMemory or WriteProcessMemory request was completed. (0x12B)
[0910/073245.970:WARNING:pe_image_reader.cc(340)] could not read dos header from C:\windows\SYSTEM32\dbghelp.dll
[0910/073245.970:ERROR:process_memory_win.cc(73)] ReadMemory at 0x7fff5ac40000 of 64 bytes failed: Only part of a ReadProcessMemory or WriteProcessMemory request was completed. (0x12B)
[0910/073245.970:WARNING:pe_image_reader.cc(340)] could not read dos header from C:\windows\SYSTEM32\WINHTTP.dll
[0910/073245.970:ERROR:process_memory_win.cc(73)] ReadMemory at 0x7fff5a870000 of 64 bytes failed: Only part of a ReadProcessMemory or WriteProcessMemory request was completed. (0x12B)
[0910/073245.970:WARNING:pe_image_reader.cc(340)] could not read dos header from C:\windows\SYSTEM32\Secur32.dll
[0910/073245.970:ERROR:process_memory_win.cc(73)] ReadMemory at 0x7fff55ff0000 of 64 bytes failed: Only part of a ReadProcessMemory or WriteProcessMemory request was completed. (0x12B)
[0910/073245.970:WARNING:pe_image_reader.cc(340)] could not read dos header from C:\windows\SYSTEM32\dhcpcsvc.DLL
[0910/073245.970:ERROR:process_memory_win.cc(73)] ReadMemory at 0x7fff621f0000 of 64 bytes failed: Only part of a ReadProcessMemory or WriteProcessMemory request was completed. (0x12B)
[0910/073245.970:WARNING:pe_image_reader.cc(340)] could not read dos header from C:\windows\System32\NSI.dll
[0910/073245.971:ERROR:process_memory_win.cc(73)] ReadMemory at 0x7fff5deb0000 of 64 bytes failed: Only part of a ReadProcessMemory or WriteProcessMemory request was completed. (0x12B)
[0910/073245.971:WARNING:pe_image_reader.cc(340)] could not read dos header from C:\windows\SYSTEM32\WINMMBASE.dll
[0910/073245.971:ERROR:process_memory_win.cc(73)] ReadMemory at 0x7fff60810000 of 64 bytes failed: Only part of a ReadProcessMemory or WriteProcessMemory request was completed. (0x12B)
[0910/073245.971:WARNING:pe_image_reader.cc(340)] could not read dos header from C:\windows\System32\cfgmgr32.dll
[0910/073245.971:ERROR:process_memory_win.cc(73)] ReadMemory at 0x7fff5e600000 of 64 bytes failed: Only part of a ReadProcessMemory or WriteProcessMemory request was completed. (0x12B)
[0910/073245.971:WARNING:pe_image_reader.cc(340)] could not read dos header from C:\windows\SYSTEM32\PROPSYS.dll
[0910/073245.971:ERROR:process_memory_win.cc(73)] ReadMemory at 0x7fff64120000 of 64 bytes failed: Only part of a ReadProcessMemory or WriteProcessMemory request was completed. (0x12B)
[0910/073245.972:WARNING:pe_image_reader.cc(340)] could not read dos header from C:\windows\System32\shcore.dll
[0910/073245.972:ERROR:process_memory_win.cc(73)] ReadMemory at 0x7fff601b0000 of 64 bytes failed: Only part of a ReadProcessMemory or WriteProcessMemory request was completed. (0x12B)
[0910/073245.972:WARNING:pe_image_reader.cc(340)] could not read dos header from C:\windows\SYSTEM32\bcrypt.dll
[0910/073245.972:ERROR:process_memory_win.cc(73)] ReadMemory at 0x7fff60550000 of 64 bytes failed: Only part of a ReadProcessMemory or WriteProcessMemory request was completed. (0x12B)
[0910/073245.972:WARNING:pe_image_reader.cc(340)] could not read dos header from C:\windows\SYSTEM32\SSPICLI.DLL
[0910/073245.972:ERROR:process_memory_win.cc(73)] ReadMemory at 0x7fff61af0000 of 64 bytes failed: Only part of a ReadProcessMemory or WriteProcessMemory request was completed. (0x12B)
[0910/073245.972:WARNING:pe_image_reader.cc(340)] could not read dos header from C:\windows\System32\IMM32.DLL
[0910/073245.972:ERROR:process_memory_win.cc(73)] ReadMemory at 0x7fff62090000 of 64 bytes failed: Only part of a ReadProcessMemory or WriteProcessMemory request was completed. (0x12B)
[0910/073245.972:WARNING:pe_image_reader.cc(340)] could not read dos header from C:\windows\System32\ole32.dll
[0910/073245.973:ERROR:process_memory_win.cc(73)] ReadMemory at 0x7fff600a0000 of 64 bytes failed: Only part of a ReadProcessMemory or WriteProcessMemory request was completed. (0x12B)
[0910/073245.973:WARNING:pe_image_reader.cc(340)] could not read dos header from C:\windows\SYSTEM32\CRYPTBASE.DLL
[0910/073245.973:ERROR:process_memory_win.cc(73)] ReadMemory at 0x7ff74bab0000 of 64 bytes failed: Only part of a ReadProcessMemory or WriteProcessMemory request was completed. (0x12B)
[0910/073245.973:WARNING:pe_image_reader.cc(340)] could not read dos header from C:\Program Files (x86)\Google\Chrome\Application\chrome.exe
[0910/073245.973:ERROR:process_memory_win.cc(73)] ReadMemory at 0x7fff64340000 of 64 bytes failed: Only part of a ReadProcessMemory or WriteProcessMemory request was completed. (0x12B)
[0910/073245.973:WARNING:pe_image_reader.cc(340)] could not read dos header from C:\windows\SYSTEM32\ntdll.dll
[0910/073245.973:ERROR:process_memory_win.cc(73)] ReadMemory at 0x7fff624a0000 of 64 bytes failed: Only part of a ReadProcessMemory or WriteProcessMemory request was completed. (0x12B)
[0910/073245.973:WARNING:pe_image_reader.cc(340)] could not read dos header from C:\windows\System32\KERNEL32.dll
[0910/073245.973:ERROR:process_memory_win.cc(73)] ReadMemory at 0x7fff60b20000 of 64 bytes failed: Only part of a ReadProcessMemory or WriteProcessMemory request was completed. (0x12B)
[0910/073245.974:WARNING:pe_image_reader.cc(340)] could not read dos header from C:\windows\System32\KERNELBASE.dll
[0910/073245.974:ERROR:process_memory_win.cc(73)] ReadMemory at 0x7fff40fe0000 of 64 bytes failed: Only part of a ReadProcessMemory or WriteProcessMemory request was completed. (0x12B)
[0910/073245.974:WARNING:pe_image_reader.cc(340)] could not read dos header from C:\Program Files (x86)\Google\Chrome\Application\76.0.3809.132\chrome_elf.dll
[0910/073245.974:ERROR:process_memory_win.cc(73)] ReadMemory at 0x7fff55fd0000 of 64 bytes failed: Only part of a ReadProcessMemory or WriteProcessMemory request was completed. (0x12B)
[0910/073245.974:WARNING:pe_image_reader.cc(340)] could not read dos header from C:\windows\SYSTEM32\VERSION.dll
[0910/073245.974:ERROR:process_memory_win.cc(73)] ReadMemory at 0x7fff61a50000 of 64 bytes failed: Only part of a ReadProcessMemory or WriteProcessMemory request was completed. (0x12B)
[0910/073245.974:WARNING:pe_image_reader.cc(340)] could not read dos header from C:\windows\System32\msvcrt.dll
[0910/073245.974:ERROR:process_memory_win.cc(73)] ReadMemory at 0x7fff60860000 of 64 bytes failed: Only part of a ReadProcessMemory or WriteProcessMemory request was completed. (0x12B)
[0910/073245.974:WARNING:pe_image_reader.cc(340)] could not read dos header from C:\windows\System32\bcryptPrimitives.dll
[0910/073245.975:ERROR:process_memory_win.cc(73)] ReadMemory at 0x7fff62390000 of 64 bytes failed: Only part of a ReadProcessMemory or WriteProcessMemory request was completed. (0x12B)
[0910/073245.975:WARNING:pe_image_reader.cc(340)] could not read dos header from C:\windows\System32\ADVAPI32.dll
[0910/073245.975:ERROR:process_memory_win.cc(73)] ReadMemory at 0x7fff63c10000 of 64 bytes failed: Only part of a ReadProcessMemory or WriteProcessMemory request was completed. (0x12B)
[0910/073245.975:WARNING:pe_image_reader.cc(340)] could not read dos header from C:\windows\System32\sechost.dll
[0910/073245.975:ERROR:process_memory_win.cc(73)] ReadMemory at 0x7fff641e0000 of 64 bytes failed: Only part of a ReadProcessMemory or WriteProcessMemory request was completed. (0x12B)
[0910/073245.975:WARNING:pe_image_reader.cc(340)] could not read dos header from C:\windows\System32\RPCRT4.dll
[0910/073245.975:ERROR:process_memory_win.cc(73)] ReadMemory at 0x7ffef2e10000 of 64 bytes failed: Only part of a ReadProcessMemory or WriteProcessMemory request was completed. (0x12B)
[0910/073245.976:WARNING:pe_image_reader.cc(340)] could not read dos header from C:\Program Files (x86)\Google\Chrome\Application\76.0.3809.132\chrome_child.dll
[0910/073245.976:ERROR:process_memory_win.cc(73)] ReadMemory at 0x7fff639c0000 of 64 bytes failed: Only part of a ReadProcessMemory or WriteProcessMemory request was completed. (0x12B)
[0910/073245.976:WARNING:pe_image_reader.cc(340)] could not read dos header from C:\windows\System32\OLEAUT32.dll
[0910/073245.976:ERROR:process_memory_win.cc(73)] ReadMemory at 0x7fff60a80000 of 64 bytes failed: Only part of a ReadProcessMemory or WriteProcessMemory request was completed. (0x12B)
[0910/073245.976:WARNING:pe_image_reader.cc(340)] could not read dos header from C:\windows\System32\msvcp_win.dll
[0910/073245.976:ERROR:process_memory_win.cc(73)] ReadMemory at 0x7fff60710000 of 64 bytes failed: Only part of a ReadProcessMemory or WriteProcessMemory request was completed. (0x12B)
[0910/073245.976:WARNING:pe_image_reader.cc(340)] could not read dos header from C:\windows\System32\ucrtbase.dll
[0910/073245.976:ERROR:process_memory_win.cc(73)] ReadMemory at 0x7fff61c50000 of 64 bytes failed: Only part of a ReadProcessMemory or WriteProcessMemory request was completed. (0x12B)
[0910/073245.977:WARNING:pe_image_reader.cc(340)] could not read dos header from C:\windows\System32\combase.dll
[0910/073245.977:ERROR:process_memory_win.cc(73)] ReadMemory at 0x7fff61f80000 of 64 bytes failed: Only part of a ReadProcessMemory or WriteProcessMemory request was completed. (0x12B)
[0910/073245.977:WARNING:pe_image_reader.cc(340)] could not read dos header from C:\windows\System32\WS2_32.dll
[0910/073245.977:ERROR:process_memory_win.cc(73)] ReadMemory at 0x7fff61c20000 of 64 bytes failed: Only part of a ReadProcessMemory or WriteProcessMemory request was completed. (0x12B)
[0910/073245.977:WARNING:pe_image_reader.cc(340)] could not read dos header from C:\windows\System32\GDI32.dll
[0910/073245.977:ERROR:process_memory_win.cc(73)] ReadMemory at 0x7fff608e0000 of 64 bytes failed: Only part of a ReadProcessMemory or WriteProcessMemory request was completed. (0x12B)
[0910/073245.977:WARNING:pe_image_reader.cc(340)] could not read dos header from C:\windows\System32\gdi32full.dll
[0910/073245.977:ERROR:process_memory_win.cc(73)] ReadMemory at 0x7fff62200000 of 64 bytes failed: Only part of a ReadProcessMemory or WriteProcessMemory request was completed. (0x12B)
[0910/073245.978:WARNING:pe_image_reader.cc(340)] could not read dos header from C:\windows\System32\USER32.dll
[0910/073245.978:ERROR:process_memory_win.cc(73)] ReadMemory at 0x7fff60da0000 of 64 bytes failed: Only part of a ReadProcessMemory or WriteProcessMemory request was completed. (0x12B)
[0910/073245.978:WARNING:pe_image_reader.cc(340)] could not read dos header from C:\windows\System32\win32u.dll
[0910/073245.978:ERROR:process_memory_win.cc(73)] ReadMemory at 0x7fff61770000 of 64 bytes failed: Only part of a ReadProcessMemory or WriteProcessMemory request was completed. (0x12B)
[0910/073245.978:WARNING:pe_image_reader.cc(340)] could not read dos header from C:\windows\System32\WINTRUST.dll
[0910/073245.978:ERROR:process_memory_win.cc(73)] ReadMemory at 0x7fff606b0000 of 64 bytes failed: Only part of a ReadProcessMemory or WriteProcessMemory request was completed. (0x12B)
[0910/073245.978:WARNING:pe_image_reader.cc(340)] could not read dos header from C:\windows\System32\MSASN1.dll
[0910/073245.978:ERROR:process_memory_win.cc(73)] ReadMemory at 0x7fff614d0000 of 64 bytes failed: Only part of a ReadProcessMemory or WriteProcessMemory request was completed. (0x12B)
[0910/073245.979:WARNING:pe_image_reader.cc(340)] could not read dos header from C:\windows\System32\CRYPT32.dll
[0910/073245.979:ERROR:process_memory_win.cc(73)] ReadMemory at 0x7fff5fc20000 of 64 bytes failed: Only part of a ReadProcessMemory or WriteProcessMemory request was completed. (0x12B)
[0910/073245.979:WARNING:pe_image_reader.cc(340)] could not read dos header from C:\windows\SYSTEM32\IPHLPAPI.DLL
[0910/073245.979:ERROR:process_memory_win.cc(73)] ReadMemory at 0x7fff5dee0000 of 64 bytes failed: Only part of a ReadProcessMemory or WriteProcessMemory request was completed. (0x12B)
[0910/073245.979:WARNING:pe_image_reader.cc(340)] could not read dos header from C:\windows\SYSTEM32\WINMM.dll
[0910/073245.979:ERROR:process_memory_win.cc(73)] ReadMemory at 0x7fff60580000 of 64 bytes failed: Only part of a ReadProcessMemory or WriteProcessMemory request was completed. (0x12B)
[0910/073245.979:WARNING:pe_image_reader.cc(340)] could not read dos header from C:\windows\SYSTEM32\USERENV.dll
[0910/073245.979:ERROR:process_memory_win.cc(73)] ReadMemory at 0x7fff606f0000 of 64 bytes failed: Only part of a ReadProcessMemory or WriteProcessMemory request was completed. (0x12B)
[0910/073245.980:WARNING:pe_image_reader.cc(340)] could not read dos header from C:\windows\System32\profapi.dll
[0910/073245.980:ERROR:process_memory_win.cc(73)] ReadMemory at 0x7fff568a0000 of 64 bytes failed: Only part of a ReadProcessMemory or WriteProcessMemory request was completed. (0x12B)
[0910/073245.980:WARNING:pe_image_reader.cc(340)] could not read dos header from C:\windows\SYSTEM32\DWrite.dll
[0910/073245.980:ERROR:process_memory_win.cc(73)] ReadMemory at 0x7fff49b60000 of 64 bytes failed: Only part of a ReadProcessMemory or WriteProcessMemory request was completed. (0x12B)
[0910/073245.980:WARNING:pe_image_reader.cc(340)] could not read dos header from C:\windows\SYSTEM32\WINSPOOL.DRV
[0910/073245.980:ERROR:process_memory_win.cc(73)] ReadMemory at 0x7fff606d0000 of 64 bytes failed: Only part of a ReadProcessMemory or WriteProcessMemory request was completed. (0x12B)
[0910/073245.980:WARNING:pe_image_reader.cc(340)] could not read dos header from C:\windows\System32\kernel.appcore.dll
[0910/073245.980:ERROR:process_memory_win.cc(73)] ReadMemory at 0x7fff5f110000 of 64 bytes failed: Only part of a ReadProcessMemory or WriteProcessMemory request was completed. (0x12B)
[0910/073245.981:WARNING:pe_image_reader.cc(340)] could not read dos header from C:\windows\SYSTEM32\dbghelp.dll
[0910/073245.981:ERROR:process_memory_win.cc(73)] ReadMemory at 0x7fff5ac40000 of 64 bytes failed: Only part of a ReadProcessMemory or WriteProcessMemory request was completed. (0x12B)
[0910/073245.981:WARNING:pe_image_reader.cc(340)] could not read dos header from C:\windows\SYSTEM32\WINHTTP.dll
[0910/073245.981:ERROR:process_memory_win.cc(73)] ReadMemory at 0x7fff5a870000 of 64 bytes failed: Only part of a ReadProcessMemory or WriteProcessMemory request was completed. (0x12B)
[0910/073245.981:WARNING:pe_image_reader.cc(340)] could not read dos header from C:\windows\SYSTEM32\Secur32.dll
[0910/073245.981:ERROR:process_memory_win.cc(73)] ReadMemory at 0x7fff55ff0000 of 64 bytes failed: Only part of a ReadProcessMemory or WriteProcessMemory request was completed. (0x12B)
[0910/073245.981:WARNING:pe_image_reader.cc(340)] could not read dos header from C:\windows\SYSTEM32\dhcpcsvc.DLL
[0910/073245.981:ERROR:process_memory_win.cc(73)] ReadMemory at 0x7fff621f0000 of 64 bytes failed: Only part of a ReadProcessMemory or WriteProcessMemory request was completed. (0x12B)
[0910/073245.981:WARNING:pe_image_reader.cc(340)] could not read dos header from C:\windows\System32\NSI.dll
[0910/073245.981:ERROR:process_memory_win.cc(73)] ReadMemory at 0x7fff5deb0000 of 64 bytes failed: Only part of a ReadProcessMemory or WriteProcessMemory request was completed. (0x12B)
[0910/073245.981:WARNING:pe_image_reader.cc(340)] could not read dos header from C:\windows\SYSTEM32\WINMMBASE.dll
[0910/073245.982:ERROR:process_memory_win.cc(73)] ReadMemory at 0x7fff60810000 of 64 bytes failed: Only part of a ReadProcessMemory or WriteProcessMemory request was completed. (0x12B)
[0910/073245.982:WARNING:pe_image_reader.cc(340)] could not read dos header from C:\windows\System32\cfgmgr32.dll
[0910/073245.982:ERROR:process_memory_win.cc(73)] ReadMemory at 0x7fff5e600000 of 64 bytes failed: Only part of a ReadProcessMemory or WriteProcessMemory request was completed. (0x12B)
[0910/073245.982:WARNING:pe_image_reader.cc(340)] could not read dos header from C:\windows\SYSTEM32\PROPSYS.dll
[0910/073245.982:ERROR:process_memory_win.cc(73)] ReadMemory at 0x7fff64120000 of 64 bytes failed: Only part of a ReadProcessMemory or WriteProcessMemory request was completed. (0x12B)
[0910/073245.982:WARNING:pe_image_reader.cc(340)] could not read dos header from C:\windows\System32\shcore.dll
[0910/073245.982:ERROR:process_memory_win.cc(73)] ReadMemory at 0x7fff601b0000 of 64 bytes failed: Only part of a ReadProcessMemory or WriteProcessMemory request was completed. (0x12B)
[0910/073245.983:WARNING:pe_image_reader.cc(340)] could not read dos header from C:\windows\SYSTEM32\bcrypt.dll
[0910/073245.983:ERROR:process_memory_win.cc(73)] ReadMemory at 0x7fff60550000 of 64 bytes failed: Only part of a ReadProcessMemory or WriteProcessMemory request was completed. (0x12B)
[0910/073245.983:WARNING:pe_image_reader.cc(340)] could not read dos header from C:\windows\SYSTEM32\SSPICLI.DLL
[0910/073245.983:ERROR:process_memory_win.cc(73)] ReadMemory at 0x7fff61af0000 of 64 bytes failed: Only part of a ReadProcessMemory or WriteProcessMemory request was completed. (0x12B)
[0910/073245.983:WARNING:pe_image_reader.cc(340)] could not read dos header from C:\windows\System32\IMM32.DLL
[0910/073245.983:ERROR:process_memory_win.cc(73)] ReadMemory at 0x7fff62090000 of 64 bytes failed: Only part of a ReadProcessMemory or WriteProcessMemory request was completed. (0x12B)
[0910/073245.983:WARNING:pe_image_reader.cc(340)] could not read dos header from C:\windows\System32\ole32.dll
[0910/073245.983:ERROR:process_memory_win.cc(73)] ReadMemory at 0x7fff600a0000 of 64 bytes failed: Only part of a ReadProcessMemory or WriteProcessMemory request was completed. (0x12B)
[0910/073245.983:WARNING:pe_image_reader.cc(340)] could not read dos header from C:\windows\SYSTEM32\CRYPTBASE.DLL
[0910/073246.180:ERROR:process_memory_win.cc(73)] ReadMemory at 0xee46fed000 of 77824 bytes failed: Only part of a ReadProcessMemory or WriteProcessMemory request was completed. (0x12B)
[0910/073246.180:ERROR:process_memory_win.cc(73)] ReadMemory at 0xee471fd000 of 12288 bytes failed: Only part of a ReadProcessMemory or WriteProcessMemory request was completed. (0x12B)
[0910/073246.180:ERROR:process_memory_win.cc(73)] ReadMemory at 0xee473fd000 of 12288 bytes failed: Only part of a ReadProcessMemory or WriteProcessMemory request was completed. (0x12B)
[0910/073246.181:ERROR:process_memory_win.cc(73)] ReadMemory at 0xee475f5000 of 45056 bytes failed: Only part of a ReadProcessMemory or WriteProcessMemory request was completed. (0x12B)
[0910/073246.181:ERROR:process_memory_win.cc(73)] ReadMemory at 0xee477fc000 of 16384 bytes failed: Only part of a ReadProcessMemory or WriteProcessMemory request was completed. (0x12B)
[0910/073246.181:ERROR:process_memory_win.cc(73)] ReadMemory at 0xee479fb000 of 20480 bytes failed: Only part of a ReadProcessMemory or WriteProcessMemory request was completed. (0x12B)
[0910/073246.181:ERROR:process_memory_win.cc(73)] ReadMemory at 0xee47bfe000 of 8192 bytes failed: Only part of a ReadProcessMemory or WriteProcessMemory request was completed. (0x12B)
[0910/073246.181:ERROR:process_memory_win.cc(73)] ReadMemory at 0xee47dfd000 of 12288 bytes failed: Only part of a ReadProcessMemory or WriteProcessMemory request was completed. (0x12B)
[0910/073246.181:ERROR:process_memory_win.cc(73)] ReadMemory at 0xee47ffb000 of 20480 bytes failed: Only part of a ReadProcessMemory or WriteProcessMemory request was completed. (0x12B)
[0910/073246.181:ERROR:process_memory_win.cc(73)] ReadMemory at 0xee481f5000 of 45056 bytes failed: Only part of a ReadProcessMemory or WriteProcessMemory request was completed. (0x12B)
[0910/073246.181:ERROR:process_memory_win.cc(73)] ReadMemory at 0xee483f5000 of 45056 bytes failed: Only part of a ReadProcessMemory or WriteProcessMemory request was completed. (0x12B)
[0910/073246.182:ERROR:process_memory_win.cc(73)] ReadMemory at 0xee485fd000 of 12288 bytes failed: Only part of a ReadProcessMemory or WriteProcessMemory request was completed. (0x12B)
[0910/073246.182:ERROR:process_memory_win.cc(73)] ReadMemory at 0xee489f5000 of 45056 bytes failed: Only part of a ReadProcessMemory or WriteProcessMemory request was completed. (0x12B)
[0910/073246.182:ERROR:process_memory_win.cc(73)] ReadMemory at 0xee487fd000 of 12288 bytes failed: Only part of a ReadProcessMemory or WriteProcessMemory request was completed. (0x12B)
[0910/073246.182:ERROR:process_memory_win.cc(73)] ReadMemory at 0xee48bfc000 of 16384 bytes failed: Only part of a ReadProcessMemory or WriteProcessMemory request was completed. (0x12B)
[0910/073246.182:ERROR:process_memory_win.cc(73)] ReadMemory at 0xee46d5b000 of 852 bytes failed: Only part of a ReadProcessMemory or WriteProcessMemory request was completed. (0x12B)
[0910/073246.182:ERROR:process_memory_win.cc(73)] ReadMemory at 0xee46d5c000 of 6024 bytes failed: Only part of a ReadProcessMemory or WriteProcessMemory request was completed. (0x12B)
[0910/073246.182:ERROR:process_memory_win.cc(73)] ReadMemory at 0xee46d5e000 of 6024 bytes failed: Only part of a ReadProcessMemory or WriteProcessMemory request was completed. (0x12B)
[0910/073246.182:ERROR:process_memory_win.cc(73)] ReadMemory at 0xee46d60000 of 6024 bytes failed: Only part of a ReadProcessMemory or WriteProcessMemory request was completed. (0x12B)
[0910/073246.182:ERROR:process_memory_win.cc(73)] ReadMemory at 0xee46d62000 of 6024 bytes failed: Only part of a ReadProcessMemory or WriteProcessMemory request was completed. (0x12B)
[0910/073246.182:ERROR:process_memory_win.cc(73)] ReadMemory at 0xee46d64000 of 6024 bytes failed: Only part of a ReadProcessMemory or WriteProcessMemory request was completed. (0x12B)
[0910/073246.182:ERROR:process_memory_win.cc(73)] ReadMemory at 0xee46d66000 of 6024 bytes failed: Only part of a ReadProcessMemory or WriteProcessMemory request was completed. (0x12B)
[0910/073246.182:ERROR:process_memory_win.cc(73)] ReadMemory at 0xee46d68000 of 6024 bytes failed: Only part of a ReadProcessMemory or WriteProcessMemory request was completed. (0x12B)
[0910/073246.182:ERROR:process_memory_win.cc(73)] ReadMemory at 0xee46d6a000 of 6024 bytes failed: Only part of a ReadProcessMemory or WriteProcessMemory request was completed. (0x12B)
[0910/073246.182:ERROR:process_memory_win.cc(73)] ReadMemory at 0xee46d6c000 of 6024 bytes failed: Only part of a ReadProcessMemory or WriteProcessMemory request was completed. (0x12B)
[0910/073246.183:ERROR:process_memory_win.cc(73)] ReadMemory at 0xee46d6e000 of 6024 bytes failed: Only part of a ReadProcessMemory or WriteProcessMemory request was completed. (0x12B)
[0910/073246.183:ERROR:process_memory_win.cc(73)] ReadMemory at 0xee46d70000 of 6024 bytes failed: Only part of a ReadProcessMemory or WriteProcessMemory request was completed. (0x12B)
[0910/073246.183:ERROR:process_memory_win.cc(73)] ReadMemory at 0xee46d72000 of 6024 bytes failed: Only part of a ReadProcessMemory or WriteProcessMemory request was completed. (0x12B)
[0910/073246.183:ERROR:process_memory_win.cc(73)] ReadMemory at 0xee46d76000 of 6024 bytes failed: Only part of a ReadProcessMemory or WriteProcessMemory request was completed. (0x12B)
[0910/073246.183:ERROR:process_memory_win.cc(73)] ReadMemory at 0xee46d7a000 of 6024 bytes failed: Only part of a ReadProcessMemory or WriteProcessMemory request was completed. (0x12B)
[0910/073246.183:ERROR:process_memory_win.cc(73)] ReadMemory at 0xee46d7c000 of 6024 bytes failed: Only part of a ReadProcessMemory or WriteProcessMemory request was completed. (0x12B)
[0910/073246.183:ERROR:process_memory_win.cc(73)] ReadMemory at 0x253be570ab0 of 512 bytes failed: Only part of a ReadProcessMemory or WriteProcessMemory request was completed. (0x12B)
[0910/073246.183:ERROR:process_memory_win.cc(73)] ReadMemory at 0x253be570fc0 of 16160 bytes failed: Only part of a ReadProcessMemory or WriteProcessMemory request was completed. (0x12B)
[0910/073246.183:ERROR:process_memory_win.cc(73)] ReadMemory at 0x253be574ef0 of 1012 bytes failed: Only part of a ReadProcessMemory or WriteProcessMemory request was completed. (0x12B)
[0910/073246.183:ERROR:process_memory_win.cc(73)] ReadMemory at 0x253be575508 of 118 bytes failed: Only part of a ReadProcessMemory or WriteProcessMemory request was completed. (0x12B)
[0910/073246.183:ERROR:process_memory_win.cc(73)] ReadMemory at 0x253be575580 of 860 bytes failed: Only part of a ReadProcessMemory or WriteProcessMemory request was completed. (0x12B)
[0910/073246.183:ERROR:process_memory_win.cc(73)] ReadMemory at 0x253be5758de of 118 bytes failed: Only part of a ReadProcessMemory or WriteProcessMemory request was completed. (0x12B)
[0910/073246.183:ERROR:process_memory_win.cc(73)] ReadMemory at 0x253be575956 of 102 bytes failed: Only part of a ReadProcessMemory or WriteProcessMemory request was completed. (0x12B)
[0910/073246.183:ERROR:process_memory_win.cc(73)] ReadMemory at 0x253be5759d0 of 58 bytes failed: Only part of a ReadProcessMemory or WriteProcessMemory request was completed. (0x12B)
[0910/073246.183:ERROR:process_memory_win.cc(73)] ReadMemory at 0x253be575ad0 of 132 bytes failed: Only part of a ReadProcessMemory or WriteProcessMemory request was completed. (0x12B)
[0910/073246.183:ERROR:process_memory_win.cc(73)] ReadMemory at 0x253be575c60 of 132 bytes failed: Only part of a ReadProcessMemory or WriteProcessMemory request was completed. (0x12B)
[0910/073246.183:ERROR:process_memory_win.cc(73)] ReadMemory at 0x253be575e20 of 126 bytes failed: Only part of a ReadProcessMemory or WriteProcessMemory request was completed. (0x12B)
[0910/073246.183:ERROR:process_memory_win.cc(73)] ReadMemory at 0x253be576110 of 132 bytes failed: Only part of a ReadProcessMemory or WriteProcessMemory request was completed. (0x12B)
[0910/073246.183:ERROR:process_memory_win.cc(73)] ReadMemory at 0x253be576a00 of 132 bytes failed: Only part of a ReadProcessMemory or WriteProcessMemory request was completed. (0x12B)
[0910/073246.183:ERROR:process_memory_win.cc(73)] ReadMemory at 0x253be576b90 of 64 bytes failed: Only part of a ReadProcessMemory or WriteProcessMemory request was completed. (0x12B)
[0910/073246.184:ERROR:process_memory_win.cc(73)] ReadMemory at 0x253be576be0 of 132 bytes failed: Only part of a ReadProcessMemory or WriteProcessMemory request was completed. (0x12B)
[0910/073246.184:ERROR:process_memory_win.cc(73)] ReadMemory at 0x253be576fe0 of 132 bytes failed: Only part of a ReadProcessMemory or WriteProcessMemory request was completed. (0x12B)
[0910/073246.184:ERROR:process_memory_win.cc(73)] ReadMemory at 0x253be577170 of 68 bytes failed: Only part of a ReadProcessMemory or WriteProcessMemory request was completed. (0x12B)
[0910/073246.184:ERROR:process_memory_win.cc(73)] ReadMemory at 0x253be57e6c0 of 132 bytes failed: Only part of a ReadProcessMemory or WriteProcessMemory request was completed. (0x12B)
[0910/073246.184:ERROR:process_memory_win.cc(73)] ReadMemory at 0x253be57e7f0 of 154 bytes failed: Only part of a ReadProcessMemory or WriteProcessMemory request was completed. (0x12B)
[0910/073246.184:ERROR:process_memory_win.cc(73)] ReadMemory at 0x253be57f080 of 132 bytes failed: Only part of a ReadProcessMemory or WriteProcessMemory request was completed. (0x12B)
[0910/073246.184:ERROR:process_memory_win.cc(73)] ReadMemory at 0x253be57f1b0 of 132 bytes failed: Only part of a ReadProcessMemory or WriteProcessMemory request was completed. (0x12B)
[0910/073246.184:ERROR:process_memory_win.cc(73)] ReadMemory at 0x253be57f770 of 132 bytes failed: Only part of a ReadProcessMemory or WriteProcessMemory request was completed. (0x12B)
[0910/073246.184:ERROR:process_memory_win.cc(73)] ReadMemory at 0x253be5802d0 of 158 bytes failed: Only part of a ReadProcessMemory or WriteProcessMemory request was completed. (0x12B)
[0910/073246.184:ERROR:process_memory_win.cc(73)] ReadMemory at 0x253be580470 of 132 bytes failed: Only part of a ReadProcessMemory or WriteProcessMemory request was completed. (0x12B)
[0910/073246.184:ERROR:process_memory_win.cc(73)] ReadMemory at 0x253be581da0 of 54 bytes failed: Only part of a ReadProcessMemory or WriteProcessMemory request was completed. (0x12B)
[0910/073246.184:ERROR:process_memory_win.cc(73)] ReadMemory at 0x253be582620 of 58 bytes failed: Only part of a ReadProcessMemory or WriteProcessMemory request was completed. (0x12B)
[0910/073246.184:ERROR:process_memory_win.cc(73)] ReadMemory at 0x253be582850 of 60 bytes failed: Only part of a ReadProcessMemory or WriteProcessMemory request was completed. (0x12B)
[0910/073246.184:ERROR:process_memory_win.cc(73)] ReadMemory at 0x253be582b20 of 62 bytes failed: Only part of a ReadProcessMemory or WriteProcessMemory request was completed. (0x12B)
[0910/073246.184:ERROR:process_memory_win.cc(73)] ReadMemory at 0x253be584a00 of 80 bytes failed: Only part of a ReadProcessMemory or WriteProcessMemory request was completed. (0x12B)
[0910/073246.184:ERROR:process_memory_win.cc(73)] ReadMemory at 0x253be585360 of 512 bytes failed: Only part of a ReadProcessMemory or WriteProcessMemory request was completed. (0x12B)
[0910/073246.184:ERROR:process_memory_win.cc(73)] ReadMemory at 0x253be585650 of 132 bytes failed: Only part of a ReadProcessMemory or WriteProcessMemory request was completed. (0x12B)
[0910/073246.184:ERROR:process_memory_win.cc(73)] ReadMemory at 0x253be5883f0 of 132 bytes failed: Only part of a ReadProcessMemory or WriteProcessMemory request was completed. (0x12B)
[0910/073246.184:ERROR:process_memory_win.cc(73)] ReadMemory at 0x253be588520 of 132 bytes failed: Only part of a ReadProcessMemory or WriteProcessMemory request was completed. (0x12B)
[0910/073246.184:ERROR:process_memory_win.cc(73)] ReadMemory at 0x253be588650 of 132 bytes failed: Only part of a ReadProcessMemory or WriteProcessMemory request was completed. (0x12B)
[0910/073246.184:ERROR:process_memory_win.cc(73)] ReadMemory at 0x253be588780 of 132 bytes failed: Only part of a ReadProcessMemory or WriteProcessMemory request was completed. (0x12B)
[0910/073246.184:ERROR:process_memory_win.cc(73)] ReadMemory at 0x253be5888b0 of 132 bytes failed: Only part of a ReadProcessMemory or WriteProcessMemory request was completed. (0x12B)
[0910/073246.184:ERROR:process_memory_win.cc(73)] ReadMemory at 0x253be5889e0 of 132 bytes failed: Only part of a ReadProcessMemory or WriteProcessMemory request was completed. (0x12B)
[0910/073246.184:ERROR:process_memory_win.cc(73)] ReadMemory at 0x253be589c70 of 60 bytes failed: Only part of a ReadProcessMemory or WriteProcessMemory request was completed. (0x12B)
[0910/073246.184:ERROR:process_memory_win.cc(73)] ReadMemory at 0x253be589d10 of 60 bytes failed: Only part of a ReadProcessMemory or WriteProcessMemory request was completed. (0x12B)
[0910/073246.184:ERROR:process_memory_win.cc(73)] ReadMemory at 0x253be589db0 of 64 bytes failed: Only part of a ReadProcessMemory or WriteProcessMemory request was completed. (0x12B)
[0910/073246.184:ERROR:process_memory_win.cc(73)] ReadMemory at 0x253be589e00 of 64 bytes failed: Only part of a ReadProcessMemory or WriteProcessMemory request was completed. (0x12B)
[0910/073246.184:ERROR:process_memory_win.cc(73)] ReadMemory at 0x253be589ea0 of 62 bytes failed: Only part of a ReadProcessMemory or WriteProcessMemory request was completed. (0x12B)
[0910/073246.184:ERROR:process_memory_win.cc(73)] ReadMemory at 0x253be589ef0 of 64 bytes failed: Only part of a ReadProcessMemory or WriteProcessMemory request was completed. (0x12B)
[0910/073246.185:ERROR:process_memory_win.cc(73)] ReadMemory at 0x253be589f40 of 62 bytes failed: Only part of a ReadProcessMemory or WriteProcessMemory request was completed. (0x12B)
[0910/073246.185:ERROR:process_memory_win.cc(73)] ReadMemory at 0x253be589f90 of 64 bytes failed: Only part of a ReadProcessMemory or WriteProcessMemory request was completed. (0x12B)
[0910/073246.185:ERROR:process_memory_win.cc(73)] ReadMemory at 0x253be589fe0 of 60 bytes failed: Only part of a ReadProcessMemory or WriteProcessMemory request was completed. (0x12B)
[0910/073246.185:ERROR:process_memory_win.cc(73)] ReadMemory at 0x253be58a080 of 62 bytes failed: Only part of a ReadProcessMemory or WriteProcessMemory request was completed. (0x12B)
[0910/073246.185:ERROR:process_memory_win.cc(73)] ReadMemory at 0x253be58a0d0 of 64 bytes failed: Only part of a ReadProcessMemory or WriteProcessMemory request was completed. (0x12B)
[0910/073246.185:ERROR:process_memory_win.cc(73)] ReadMemory at 0x253be58a120 of 62 bytes failed: Only part of a ReadProcessMemory or WriteProcessMemory request was completed. (0x12B)
[0910/073246.185:ERROR:process_memory_win.cc(73)] ReadMemory at 0x253be58a170 of 62 bytes failed: Only part of a ReadProcessMemory or WriteProcessMemory request was completed. (0x12B)
[0910/073246.185:ERROR:process_memory_win.cc(73)] ReadMemory at 0x253be58a350 of 66 bytes failed: Only part of a ReadProcessMemory or WriteProcessMemory request was completed. (0x12B)
[0910/073246.185:ERROR:process_memory_win.cc(73)] ReadMemory at 0x253be58a3a0 of 64 bytes failed: Only part of a ReadProcessMemory or WriteProcessMemory request was completed. (0x12B)
[0910/073246.185:ERROR:process_memory_win.cc(73)] ReadMemory at 0x253be58a3f0 of 64 bytes failed: Only part of a ReadProcessMemory or WriteProcessMemory request was completed. (0x12B)
[0910/073246.185:ERROR:process_memory_win.cc(73)] ReadMemory at 0x253be58a530 of 64 bytes failed: Only part of a ReadProcessMemory or WriteProcessMemory request was completed. (0x12B)
[0910/073246.185:ERROR:process_memory_win.cc(73)] ReadMemory at 0x253be58a580 of 66 bytes failed: Only part of a ReadProcessMemory or WriteProcessMemory request was completed. (0x12B)
[0910/073246.185:ERROR:process_memory_win.cc(73)] ReadMemory at 0x253be58a5d0 of 58 bytes failed: Only part of a ReadProcessMemory or WriteProcessMemory request was completed. (0x12B)
[0910/073246.185:ERROR:process_memory_win.cc(73)] ReadMemory at 0x253be58a620 of 60 bytes failed: Only part of a ReadProcessMemory or WriteProcessMemory request was completed. (0x12B)
[0910/073246.185:ERROR:process_memory_win.cc(73)] ReadMemory at 0x253be58a670 of 60 bytes failed: Only part of a ReadProcessMemory or WriteProcessMemory request was completed. (0x12B)
[0910/073246.185:ERROR:process_memory_win.cc(73)] ReadMemory at 0x253be58a6c0 of 66 bytes failed: Only part of a ReadProcessMemory or WriteProcessMemory request was completed. (0x12B)
[0910/073246.185:ERROR:process_memory_win.cc(73)] ReadMemory at 0x253be58a760 of 62 bytes failed: Only part of a ReadProcessMemory or WriteProcessMemory request was completed. (0x12B)
[0910/073246.185:ERROR:process_memory_win.cc(73)] ReadMemory at 0x253be58a7b0 of 58 bytes failed: Only part of a ReadProcessMemory or WriteProcessMemory request was completed. (0x12B)
[0910/073246.185:ERROR:process_memory_win.cc(73)] ReadMemory at 0x253be58a850 of 60 bytes failed: Only part of a ReadProcessMemory or WriteProcessMemory request was completed. (0x12B)
[0910/073246.185:ERROR:process_memory_win.cc(73)] ReadMemory at 0x253be58a8a0 of 60 bytes failed: Only part of a ReadProcessMemory or WriteProcessMemory request was completed. (0x12B)
[0910/073246.185:ERROR:process_memory_win.cc(73)] ReadMemory at 0x253be58a8f0 of 62 bytes failed: Only part of a ReadProcessMemory or WriteProcessMemory request was completed. (0x12B)
[0910/073246.185:ERROR:process_memory_win.cc(73)] ReadMemory at 0x253be58a940 of 62 bytes failed: Only part of a ReadProcessMemory or WriteProcessMemory request was completed. (0x12B)
[0910/073246.185:ERROR:process_memory_win.cc(73)] ReadMemory at 0x253be58a990 of 62 bytes failed: Only part of a ReadProcessMemory or WriteProcessMemory request was completed. (0x12B)
[0910/073246.185:ERROR:process_memory_win.cc(73)] ReadMemory at 0x253be58aa30 of 60 bytes failed: Only part of a ReadProcessMemory or WriteProcessMemory request was completed. (0x12B)
[0910/073246.185:ERROR:process_memory_win.cc(73)] ReadMemory at 0x253be58ab70 of 62 bytes failed: Only part of a ReadProcessMemory or WriteProcessMemory request was completed. (0x12B)
[0910/073246.185:ERROR:process_memory_win.cc(73)] ReadMemory at 0x253be58af30 of 76 bytes failed: Only part of a ReadProcessMemory or WriteProcessMemory request was completed. (0x12B)
[0910/073246.185:ERROR:process_memory_win.cc(73)] ReadMemory at 0x253be58bf20 of 132 bytes failed: Only part of a ReadProcessMemory or WriteProcessMemory request was completed. (0x12B)
[0910/073246.185:ERROR:process_memory_win.cc(73)] ReadMemory at 0x253be58c690 of 132 bytes failed: Only part of a ReadProcessMemory or WriteProcessMemory request was completed. (0x12B)
[0910/073246.186:ERROR:process_memory_win.cc(73)] ReadMemory at 0x253be58ef50 of 132 bytes failed: Only part of a ReadProcessMemory or WriteProcessMemory request was completed. (0x12B)
[0910/073246.186:ERROR:process_memory_win.cc(73)] ReadMemory at 0x253be591b60 of 512 bytes failed: Only part of a ReadProcessMemory or WriteProcessMemory request was completed. (0x12B)
[0910/073246.186:ERROR:process_memory_win.cc(73)] ReadMemory at 0x253be591fd0 of 132 bytes failed: Only part of a ReadProcessMemory or WriteProcessMemory request was completed. (0x12B)
[0910/073246.186:ERROR:process_memory_win.cc(73)] ReadMemory at 0x253be592100 of 132 bytes failed: Only part of a ReadProcessMemory or WriteProcessMemory request was completed. (0x12B)
[0910/073246.186:ERROR:process_memory_win.cc(73)] ReadMemory at 0x253be592230 of 132 bytes failed: Only part of a ReadProcessMemory or WriteProcessMemory request was completed. (0x12B)
[0910/073246.186:ERROR:process_memory_win.cc(73)] ReadMemory at 0x253be592360 of 132 bytes failed: Only part of a ReadProcessMemory or WriteProcessMemory request was completed. (0x12B)
[0910/073246.186:ERROR:process_memory_win.cc(73)] ReadMemory at 0x253be592490 of 132 bytes failed: Only part of a ReadProcessMemory or WriteProcessMemory request was completed. (0x12B)
[0910/073246.186:ERROR:process_memory_win.cc(73)] ReadMemory at 0x253be5925c0 of 132 bytes failed: Only part of a ReadProcessMemory or WriteProcessMemory request was completed. (0x12B)
[0910/073246.186:ERROR:process_memory_win.cc(73)] ReadMemory at 0x253be5926f0 of 132 bytes failed: Only part of a ReadProcessMemory or WriteProcessMemory request was completed. (0x12B)
[0910/073246.186:ERROR:process_memory_win.cc(73)] ReadMemory at 0x253be592820 of 132 bytes failed: Only part of a ReadProcessMemory or WriteProcessMemory request was completed. (0x12B)
[0910/073246.186:ERROR:process_memory_win.cc(73)] ReadMemory at 0x253be592a80 of 132 bytes failed: Only part of a ReadProcessMemory or WriteProcessMemory request was completed. (0x12B)
[0910/073246.186:ERROR:process_memory_win.cc(73)] ReadMemory at 0x253be592bb0 of 132 bytes failed: Only part of a ReadProcessMemory or WriteProcessMemory request was completed. (0x12B)
[0910/073246.186:ERROR:process_memory_win.cc(73)] ReadMemory at 0x253be592ce0 of 132 bytes failed: Only part of a ReadProcessMemory or WriteProcessMemory request was completed. (0x12B)
[0910/073246.186:ERROR:process_memory_win.cc(73)] ReadMemory at 0x253be592e10 of 132 bytes failed: Only part of a ReadProcessMemory or WriteProcessMemory request was completed. (0x12B)
[0910/073246.186:ERROR:process_memory_win.cc(73)] ReadMemory at 0x253be592f40 of 132 bytes failed: Only part of a ReadProcessMemory or WriteProcessMemory request was completed. (0x12B)
[0910/073246.186:ERROR:process_memory_win.cc(73)] ReadMemory at 0x253be593070 of 132 bytes failed: Only part of a ReadProcessMemory or WriteProcessMemory request was completed. (0x12B)
[0910/073246.186:ERROR:process_memory_win.cc(73)] ReadMemory at 0x253be5931a0 of 132 bytes failed: Only part of a ReadProcessMemory or WriteProcessMemory request was completed. (0x12B)
[0910/073246.186:ERROR:process_memory_win.cc(73)] ReadMemory at 0x253be593400 of 132 bytes failed: Only part of a ReadProcessMemory or WriteProcessMemory request was completed. (0x12B)
[0910/073246.186:ERROR:process_memory_win.cc(73)] ReadMemory at 0x253be593530 of 132 bytes failed: Only part of a ReadProcessMemory or WriteProcessMemory request was completed. (0x12B)
[0910/073246.186:ERROR:process_memory_win.cc(73)] ReadMemory at 0x253be593660 of 132 bytes failed: Only part of a ReadProcessMemory or WriteProcessMemory request was completed. (0x12B)
[0910/073246.186:ERROR:process_memory_win.cc(73)] ReadMemory at 0x253be593790 of 132 bytes failed: Only part of a ReadProcessMemory or WriteProcessMemory request was completed. (0x12B)
[0910/073246.186:ERROR:process_memory_win.cc(73)] ReadMemory at 0x253be5938c0 of 132 bytes failed: Only part of a ReadProcessMemory or WriteProcessMemory request was completed. (0x12B)
[0910/073246.186:ERROR:process_memory_win.cc(73)] ReadMemory at 0x253be5939f0 of 132 bytes failed: Only part of a ReadProcessMemory or WriteProcessMemory request was completed. (0x12B)
[0910/073246.186:ERROR:process_memory_win.cc(73)] ReadMemory at 0x253be593b20 of 132 bytes failed: Only part of a ReadProcessMemory or WriteProcessMemory request was completed. (0x12B)
[0910/073246.186:ERROR:process_memory_win.cc(73)] ReadMemory at 0x253be593c50 of 132 bytes failed: Only part of a ReadProcessMemory or WriteProcessMemory request was completed. (0x12B)
[0910/073246.187:ERROR:process_memory_win.cc(73)] ReadMemory at 0x253be59bc30 of 58 bytes failed: Only part of a ReadProcessMemory or WriteProcessMemory request was completed. (0x12B)
[0910/073246.187:ERROR:process_memory_win.cc(73)] ReadMemory at 0x253be5b1590 of 512 bytes failed: Only part of a ReadProcessMemory or WriteProcessMemory request was completed. (0x12B)
[0910/073246.187:ERROR:process_memory_win.cc(73)] ReadMemory at 0x253bec08250 of 512 bytes failed: Only part of a ReadProcessMemory or WriteProcessMemory request was completed. (0x12B)
[0910/073246.187:ERROR:process_memory_win.cc(73)] ReadMemory at 0x253bec08610 of 512 bytes failed: Only part of a ReadProcessMemory or WriteProcessMemory request was completed. (0x12B)
[0910/073246.187:ERROR:process_memory_win.cc(73)] ReadMemory at 0x253bec25b60 of 712 bytes failed: Only part of a ReadProcessMemory or WriteProcessMemory request was completed. (0x12B)
[0910/073246.187:ERROR:process_memory_win.cc(73)] ReadMemory at 0x253bec28d80 of 512 bytes failed: Only part of a ReadProcessMemory or WriteProcessMemory request was completed. (0x12B)
[0910/073246.187:ERROR:process_memory_win.cc(73)] ReadMemory at 0x253bec29c08 of 512 bytes failed: Only part of a ReadProcessMemory or WriteProcessMemory request was completed. (0x12B)
[0910/073246.187:ERROR:process_memory_win.cc(73)] ReadMemory at 0x253bec2a358 of 512 bytes failed: Only part of a ReadProcessMemory or WriteProcessMemory request was completed. (0x12B)
[0910/073246.187:ERROR:process_memory_win.cc(73)] ReadMemory at 0x253bec342e0 of 512 bytes failed: Only part of a ReadProcessMemory or WriteProcessMemory request was completed. (0x12B)
[0910/073246.187:ERROR:process_memory_win.cc(73)] ReadMemory at 0x253bec34af0 of 512 bytes failed: Only part of a ReadProcessMemory or WriteProcessMemory request was completed. (0x12B)
[0910/073246.187:ERROR:process_memory_win.cc(73)] ReadMemory at 0x253bec3db78 of 512 bytes failed: Only part of a ReadProcessMemory or WriteProcessMemory request was completed. (0x12B)
[0910/073246.187:ERROR:process_memory_win.cc(73)] ReadMemory at 0x253c0977320 of 512 bytes failed: Only part of a ReadProcessMemory or WriteProcessMemory request was completed. (0x12B)
[0910/073246.187:ERROR:process_memory_win.cc(73)] ReadMemory at 0x253c0991b40 of 512 bytes failed: Only part of a ReadProcessMemory or WriteProcessMemory request was completed. (0x12B)
[0910/073246.187:ERROR:process_memory_win.cc(73)] ReadMemory at 0x253c09b8628 of 512 bytes failed: Only part of a ReadProcessMemory or WriteProcessMemory request was completed. (0x12B)
[0910/073246.187:ERROR:process_memory_win.cc(73)] ReadMemory at 0x253c09cb1c0 of 512 bytes failed: Only part of a ReadProcessMemory or WriteProcessMemory request was completed. (0x12B)
[0910/073246.187:ERROR:process_memory_win.cc(73)] ReadMemory at 0x253c09ce270 of 512 bytes failed: Only part of a ReadProcessMemory or WriteProcessMemory request was completed. (0x12B)
[0910/073246.187:ERROR:process_memory_win.cc(73)] ReadMemory at 0x253c0ac4220 of 512 bytes failed: Only part of a ReadProcessMemory or WriteProcessMemory request was completed. (0x12B)
[0910/073246.187:ERROR:process_memory_win.cc(73)] ReadMemory at 0x253c0b61620 of 512 bytes failed: Only part of a ReadProcessMemory or WriteProcessMemory request was completed. (0x12B)
[0910/073246.187:ERROR:process_memory_win.cc(73)] ReadMemory at 0x253c10106c0 of 512 bytes failed: Only part of a ReadProcessMemory or WriteProcessMemory request was completed. (0x12B)
[0910/073246.187:ERROR:process_memory_win.cc(73)] ReadMemory at 0x253c114ed50 of 512 bytes failed: Only part of a ReadProcessMemory or WriteProcessMemory request was completed. (0x12B)
[0910/073246.187:ERROR:process_memory_win.cc(73)] ReadMemory at 0x253c4b2ede0 of 512 bytes failed: Only part of a ReadProcessMemory or WriteProcessMemory request was completed. (0x12B)
[0910/073246.187:ERROR:process_memory_win.cc(73)] ReadMemory at 0x253c51b1350 of 512 bytes failed: Only part of a ReadProcessMemory or WriteProcessMemory request was completed. (0x12B)
[0910/073246.187:ERROR:process_memory_win.cc(73)] ReadMemory at 0x253c52302f0 of 512 bytes failed: Only part of a ReadProcessMemory or WriteProcessMemory request was completed. (0x12B)
[0910/073246.187:ERROR:process_memory_win.cc(73)] ReadMemory at 0x253c5fbc1c0 of 512 bytes failed: Only part of a ReadProcessMemory or WriteProcessMemory request was completed. (0x12B)
[0910/073246.187:ERROR:process_memory_win.cc(73)] ReadMemory at 0x253c9613540 of 512 bytes failed: Only part of a ReadProcessMemory or WriteProcessMemory request was completed. (0x12B)
[0910/073246.187:ERROR:process_memory_win.cc(73)] ReadMemory at 0x7ffef3c825bd of 512 bytes failed: Only part of a ReadProcessMemory or WriteProcessMemory request was completed. (0x12B)
[0910/073246.188:ERROR:process_memory_win.cc(73)] ReadMemory at 0x7ffef4834a1c of 512 bytes failed: Only part of a ReadProcessMemory or WriteProcessMemory request was completed. (0x12B)
[0910/073246.188:ERROR:process_memory_win.cc(73)] ReadMemory at 0x7ffef70d0cce of 512 bytes failed: Only part of a ReadProcessMemory or WriteProcessMemory request was completed. (0x12B)
[0910/073246.188:ERROR:process_memory_win.cc(73)] ReadMemory at 0x7fff60b5a308 of 512 bytes failed: Only part of a ReadProcessMemory or WriteProcessMemory request was completed. (0x12B)
[0910/073246.188:ERROR:process_memory_win.cc(73)] ReadMemory at 0x7fff624c0e00 of 512 bytes failed: Only part of a ReadProcessMemory or WriteProcessMemory request was completed. (0x12B)
[0910/073246.188:ERROR:process_memory_win.cc(73)] ReadMemory at 0x7fff643679f0 of 512 bytes failed: Only part of a ReadProcessMemory or WriteProcessMemory request was completed. (0x12B)
[0910/073246.188:ERROR:process_memory_win.cc(73)] ReadMemory at 0x7fff643682e0 of 512 bytes failed: Only part of a ReadProcessMemory or WriteProcessMemory request was completed. (0x12B)
[0910/073246.188:ERROR:process_memory_win.cc(73)] ReadMemory at 0x7fff6436a0d0 of 512 bytes failed: Only part of a ReadProcessMemory or WriteProcessMemory request was completed. (0x12B)
[0910/073246.188:ERROR:process_memory_win.cc(73)] ReadMemory at 0x7fff643da9a4 of 672 bytes failed: Only part of a ReadProcessMemory or WriteProcessMemory request was completed. (0x12B)
[0910/073246.188:ERROR:process_memory_win.cc(73)] ReadMemory at 0x7fff643dafa4 of 512 bytes failed: Only part of a ReadProcessMemory or WriteProcessMemory request was completed. (0x12B)
[0910/073246.188:ERROR:process_memory_win.cc(73)] ReadMemory at 0x7fff643de214 of 608 bytes failed: Only part of a ReadProcessMemory or WriteProcessMemory request was completed. (0x12B)
[0910/073246.188:ERROR:process_memory_win.cc(73)] ReadMemory at 0x7fff644601e0 of 18 bytes failed: Only part of a ReadProcessMemory or WriteProcessMemory request was completed. (0x12B)
[0910/073246.188:ERROR:process_memory_win.cc(73)] ReadMemory at 0x7fff644965b0 of 40 bytes failed: Only part of a ReadProcessMemory or WriteProcessMemory request was completed. (0x12B)
[0910/073246.188:ERROR:process_memory_win.cc(73)] ReadMemory at 0x7fff64496a08 of 48 bytes failed: Only part of a ReadProcessMemory or WriteProcessMemory request was completed. (0x12B)
[0910/073246.188:ERROR:process_memory_win.cc(73)] ReadMemory at 0x7fff6449c360 of 64 bytes failed: Only part of a ReadProcessMemory or WriteProcessMemory request was completed. (0x12B)
[0910/073254.790:ERROR:scoped_process_suspend.cc(40)] NtResumeProcess: An attempt was made to access an exiting process. (0xc000010a)
